
ocsm version 1.20 has been loaded

#
# ADflow, multiblock structured flow solver
#
# This code solves the 3D RANS, laminar NS or Euler equations
# on multiblock structured hexahedral grids.
# This is a parallel executable running on 1 processors.
# It has been compiled with the following options:
# - Optimized mode.
# - Size of standard integers: 4 bytes.
# - Size of standard floating point types: 8 bytes.
# - With cgns support
# - With support for signals.
#
+----------------------------------------+
|          All ADFLOW Options:           |
+----------------------------------------+
{'ADPC': False,
 'AGMGLevels': 1,
 'AGMGNSmooth': 3,
 'ANKADPC': False,
 'ANKASMOverlap': 1,
 'ANKCFL0': 5.0,
 'ANKCFLCutback': 0.5,
 'ANKCFLExponent': 0.5,
 'ANKCFLFactor': 10.0,
 'ANKCFLLimit': 100000.0,
 'ANKCFLMin': 1.0,
 'ANKCFLReset': True,
 'ANKConstCFLStep': 0.4,
 'ANKCoupledSwitchTol': 1e-16,
 'ANKInnerPreconIts': 1,
 'ANKJacobianLag': 10,
 'ANKLinResMax': 0.1,
 'ANKLinearSolveBuffer': 0.01,
 'ANKLinearSolveTol': 0.05,
 'ANKMaxIter': 40,
 'ANKNSubiterTurb': 1,
 'ANKOuterPreconIts': 1,
 'ANKPCILUFill': 2,
 'ANKPCUpdateCutoff': 1e-16,
 'ANKPCUpdateTol': 0.5,
 'ANKPCUpdateTolAfterCutoff': 0.0001,
 'ANKPhysicalLSTol': 0.2,
 'ANKPhysicalLSTolTurb': 0.99,
 'ANKSecondOrdSwitchTol': 1e-16,
 'ANKStepFactor': 1.0,
 'ANKStepMin': 0.01,
 'ANKSubspaceSize': -1,
 'ANKSwitchTol': 1000.0,
 'ANKTurbCFLScale': 1.0,
 'ANKTurbKSPDebug': False,
 'ANKUnsteadyLSTol': 1.0,
 'ANKUseApproxSA': False,
 'ANKUseFullVisc': True,
 'ANKUseMatrixFree': True,
 'ANKUseTurbDADI': True,
 'ASMOverlap': 1,
 'CFL': 1.7,
 'CFLCoarse': 1.0,
 'CFLLimit': 1.5,
 'GMRESOrthogonalizationType': 'modified Gram-Schmidt',
 'ILUFill': 2,
 'L2Convergence': 1e-12,
 'L2ConvergenceCoarse': 0.01,
 'L2ConvergenceRel': 1e-16,
 'MGCycle': 'sg',
 'MGStartLevel': -1,
 'NKADPC': False,
 'NKASMOverlap': 1,
 'NKFixedStep': 0.25,
 'NKInnerPreconIts': 1,
 'NKJacobianLag': 20,
 'NKLS': 'cubic',
 'NKLinearSolveTol': 0.3,
 'NKOuterPreconIts': 1,
 'NKPCILUFill': 2,
 'NKSubspaceSize': 60,
 'NKSwitchTol': 1e-05,
 'NKUseEW': True,
 'NKViscPC': False,
 'RKReset': False,
 'TSStability': False,
 'adjointDivTol': 100000.0,
 'adjointL2Convergence': 1e-06,
 'adjointL2ConvergenceAbs': 1e-16,
 'adjointL2ConvergenceRel': 1e-16,
 'adjointMaxIter': 500,
 'adjointMaxL2DeviationFactor': 1.0,
 'adjointMonitorStep': 10,
 'adjointSolver': 'GMRES',
 'adjointSubspaceSize': 100,
 'alphaFollowing': True,
 'alphaMode': False,
 'altitudeMode': False,
 'applyAdjointPCSubspaceSize': 20,
 'applyPCSubspaceSize': 10,
 'approxPC': True,
 'backgroundVolScale': 1.0,
 'betaMode': False,
 'blockSplitting': True,
 'cavExponent': 0,
 'cavSensorOffset': 0.0,
 'cavSensorSharpness': 10.0,
 'cavitationNumber': 1.4,
 'closedSurfaceFamilies': None,
 'coarseDiscretization': 'central plus scalar dissipation',
 'computeCavitation': False,
 'coupledSolution': False,
 'cpMinRho': 100.0,
 'cutCallback': None,
 'debugZipper': False,
 'deltaT': 0.01,
 'designSurfaceFamily': None,
 'discretization': 'central plus scalar dissipation',
 'dissContMagnitude': 1.0,
 'dissContMidpoint': 3.0,
 'dissContSharpness': 3.0,
 'dissipationLumpingParameter': 6.0,
 'dissipationScalingExponent': 0.67,
 'eddyVisInfRatio': 0.009,
 'equationMode': 'steady',
 'equationType': 'RANS',
 'eulerWallTreatment': 'linear pressure extrapolation',
 'explicitSurfaceCallback': None,
 'firstRun': True,
 'flowType': 'external',
 'forcesAsTractions': True,
 'frozenTurbulence': False,
 'globalPreconditioner': 'additive Schwarz',
 'gridFile': 'n0012.cgns',
 'gridPrecision': 'double',
 'gridPrecisionSurface': 'single',
 'infChangeCorrection': True,
 'innerPreconIts': 1,
 'isoVariables': [],
 'isosurface': {},
 'liftIndex': 2,
 'limiter': 'van Albada',
 'loadBalanceIter': 10,
 'loadImbalance': 0.1,
 'localPreconditioner': 'ILU',
 'lowSpeedPreconditioner': False,
 'machMode': False,
 'matrixOrdering': 'RCM',
 'maxL2DeviationFactor': 1.0,
 'meshSurfaceFamily': None,
 'monitorVariables': ['resrho', 'resturb', 'cl', 'cd'],
 'nCycles': 20000,
 'nCyclesCoarse': 500,
 'nFloodIter': -1,
 'nRKReset': 5,
 'nRefine': 10,
 'nSaveSurface': 1,
 'nSaveVolume': 1,
 'nSubiter': 3,
 'nSubiterTurb': 20,
 'nTimeStepsCoarse': 48,
 'nTimeStepsFine': 400,
 'nearWallDist': 0.1,
 'numberSolutions': False,
 'outerPreconIts': 3,
 'outputDirectory': 'output',
 'outputSurfaceFamily': 'wall',
 'overlapFactor': 0.9,
 'oversetDebugPrint': False,
 'oversetLoadBalance': True,
 'oversetPriority': {},
 'oversetProjTol': 1e-12,
 'oversetUpdateMode': 'frozen',
 'pMode': False,
 'partitionLikeNProc': -1,
 'partitionOnly': False,
 'preconditionerSide': 'right',
 'printAllOptions': True,
 'printIntro': True,
 'printIterations': True,
 'printNegativeVolumes': False,
 'printTiming': True,
 'printWarnings': True,
 'qMode': False,
 'rMode': False,
 'resAveraging': 'alternate',
 'restartAdjoint': True,
 'restartFile': None,
 'restrictionRelaxation': 0.8,
 'selfZipCutoff': 120.0,
 'sepSensorOffset': 0.0,
 'sepSensorSharpness': 10.0,
 'setMonitor': True,
 'skipAfterFailedAdjoint': True,
 'smoothParameter': 1.5,
 'smoother': 'DADI',
 'solutionPrecision': 'single',
 'solutionPrecisionSurface': 'single',
 'storeConvHist': True,
 'storeRindLayer': True,
 'surfaceVariables': ['cp', 'vx', 'vy', 'vz', 'mach'],
 'timeAccuracy': 2,
 'timeIntegrationScheme': 'BDF',
 'timeIntervals': 1,
 'timeLimit': -1.0,
 'turbResScale': [1000.0, 1e-08],
 'turbulenceModel': 'Menter SST',
 'turbulenceOrder': 'first order',
 'turbulenceProduction': 'strain',
 'useALE': True,
 'useANKSolver': True,
 'useApproxWallDistance': True,
 'useBlockettes': False,
 'useDiagTSPC': True,
 'useDissContinuation': False,
 'useExternalDynamicMesh': False,
 'useGridMotion': False,
 'useLinResMonitor': False,
 'useMatrixFreedrdw': True,
 'useNKSolver': False,
 'useOversetWallScaling': False,
 'useQCR': False,
 'useRotationSA': False,
 'useTSInterpolatedGridVelocity': False,
 'useWallFunctions': False,
 'useZipperMesh': True,
 'useft2SA': True,
 'verifyExtra': True,
 'verifySpatial': True,
 'verifyState': True,
 'vis2': 0.25,
 'vis2Coarse': 0.5,
 'vis4': 0.0156,
 'viscPC': False,
 'viscWallTreatment': 'constant pressure extrapolation',
 'viscousSurfaceVelocities': True,
 'volumeVariables': ['vort', 'eddy', 'resrho'],
 'wallDistCutoff': 1e+20,
 'windAxis': False,
 'writeSolutionEachIter': False,
 'writeSurfaceSolution': True,
 'writeTecplotSurfaceSolution': False,
 'writeVolumeSolution': True,
 'zipperSurfaceFamily': None}
-> Alpha... 0.000000 
#
#                      Warning
# It is assumed that the grid is given in meters.
#
#
# Specified load imbalance tolerance 0.100 achieved.
# Continuing with 0.000 load imbalance for the cells and 0.000 for the faces
#
#
# Grid level: 1, Total number of cells: 31232
#
+--------------------------------------------------+
  CGNS Surface Families by Boundary Condition Type
+--------------------------------------------------+
| Wall Types           : wall 
| Inflow Types         : 
| Outflow Types        : 
| Symmetry Types       : sym 
| Farfield Types       : far 
| Overset Types        : 
+--------------------------------------------------+
+--------------------------------------------------+
|
| Initialization Times:
|
| Library Load Time             :      0.017 sec
| Set Defaults Time             :      0.000 sec
| Base Class Init Time          :      0.001 sec
| Introductory Time             :      0.003 sec
| Partitioning Time             :      0.004 sec
| Preprocessing Time            :      0.383 sec
| Family Setup Time             :      0.000 sec
| Cut Callback Time             :      0.000 sec
| Explicit Surface Cut Time     :      0.000 sec
| Overset Preprocessing Time    :      0.000 sec
| Initialize Flow Time          :      0.020 sec
|
| Total Init Time               :      0.429 sec
+--------------------------------------------------+
+----------------------------------------------------------------------+
|  Switching to Aero Problem: n0012_base_1_SST                         |
+----------------------------------------------------------------------+

+------------------------------------------------------------------------------+
| pyADFLOW Warning: 'zipperSurfaceFamily' option was not given. Using all wall |
| boundary conditions for the zipper mesh.                                     |
+------------------------------------------------------------------------------+

-> Alpha... 3.000000 
+----------------------------------------+
|      All Modified ADFLOW Options:      |
+----------------------------------------+
{'L2Convergence': 1e-12,
 'gridFile': 'n0012.cgns',
 'monitorVariables': ['resrho', 'resturb', 'cl', 'cd'],
 'nCycles': 20000,
 'nSubiter': 3,
 'nSubiterTurb': 20,
 'numberSolutions': False,
 'outputDirectory': 'output',
 'outputSurfaceFamily': 'wall',
 'turbResScale': [1000.0, 1e-08],
 'turbulenceModel': 'Menter SST',
 'useBlockettes': False,
 'volumeVariables': ['vort', 'eddy', 'resrho']}
#
# Grid 1: Performing 20000 iterations, unless converged earlier. Minimum required iteration before NK switch:      5. Switch to NK at totalR of:   1.87E+01
#
#--------------------------------------------------------------------------------------------------------------------------------------------------------------------------------------------------------------
#  Grid  | Iter | Iter |  Iter  |   CFL   | Step | Lin  |        Res rho         |       Res kturb        |       Res wturb        |         C_lift         |        C_drag          |        totalRes        |
#  level |      | Tot  |  Type  |         |      | Res  |                        |                        |                        |                        |                        |                        |
#--------------------------------------------------------------------------------------------------------------------------------------------------------------------------------------------------------------
      1       0      0     None     ----    ----   ----   2.8386679257931896E+03   5.9956600147911300E-04   7.6699791431903412E+10   8.9142917263207565E-03   5.5125255741289259E-01   1.8745667371099708E+06 
      1       1      3     *ANK   5.00E+00  0.48  0.001   1.7078653097225495E+03   1.0429808591181812E-05   1.9263724589554287E+04   3.0106575204086139E-01   7.2479409659739780E-01   1.1460678589535260E+06 
      1       2      7      ANK   5.00E+00  0.83  0.026   7.0996705657725181E+02   2.4715147650865572E-07   1.1600524896522966E+04   5.8059332107075645E-01   8.5942685261684515E-01   4.9304074505495606E+05 
      1       3     10     *ANK   2.73E+01  0.60  0.004   2.8923603041396706E+02   3.6006486267486945E-09   4.9371471048105764E+08   6.2041073559019977E-01   7.9361788297870850E-01   2.0910384708781799E+05 
      1       4     13     *ANK   1.03E+02  1.00  0.018   3.9897764899786061E+01   2.3607108671452757E-08   1.8176063095357192E+08   5.8824984777618983E-01   5.2251659126167538E-01   3.5836356892552722E+04 
      1       5     18     *ANK   6.93E+02  0.92  0.029   2.1605040366452666E+01   5.7707645399226281E-08   5.2805309937411357E+03   3.1153413125619656E-01   9.7673614535691358E-02   3.2339512651349669E+04 
      1       6     22      ANK   6.93E+02  1.00  0.030   8.5281558257290175E+00   1.1141665323852152E-07   1.0767119925768428E+01   1.6176004866592109E-01   9.9570608813646811E-03   2.0802996475588803E+04 
      1       7     27      ANK   6.93E+02  1.00  0.039   4.4557914716522031E+00   7.5029229424065483E-08   8.8811393860553220E+00   1.4735088418319550E-01   2.0449275207854892E-02   1.2752396115045498E+04 
      1       8     32     *ANK   3.05E+03  1.00  0.025   2.4668208228744075E+00   5.7647553908010929E-08   7.1490249447979428E+00   2.5397138297937133E-01   3.4513900411423361E-02   8.8815084012574553E+03 
      1       9     36      ANK   3.05E+03  1.00  0.037   1.7141517750367967E+00   8.6105357165951397E-08   2.5546889251148701E+00   3.0141015259726556E-01   2.2538121302636650E-02   6.2219552648169074E+03 
      1      10     41     *ANK   9.92E+03  1.00  0.047   1.2326886538210984E+00   4.8473719469855466E-07   5.4825721257442419E+00   2.8753081595679741E-01   1.2826863010875300E-02   4.9134639685367274E+03 
      1      11     45      ANK   9.92E+03  1.00  0.039   7.1550225186607030E-01   3.1684854982413315E-06   6.2120937516892765E+00   2.7026341546557037E-01   2.3069724115656623E-02   3.3452166228260007E+03 
      1      12     52      ANK   9.92E+03  1.00  0.035   6.1105670626646069E-01   4.2716974223094662E-05   1.4469734281003484E+01   3.1526443513847180E-01   9.7176339223095966E-03   2.5649061217392691E+03 
      1      13     56     *ANK   3.84E+04  1.00  0.040   4.2665612855176732E-01   3.5216395743858686E-04   1.0370340141424921E+02   3.2065053593352594E-01   8.2030960993781567E-03   1.7308431189574783E+03 
      1      14     63      ANK   3.84E+04  1.00  0.035   6.0528529549138188E-01   1.1611289423701246E-03   4.1645887909226542E+02   3.2283490485972699E-01   9.0658473780044890E-03   1.6534553353632298E+03 
      1      15     67      ANK   3.84E+04  1.00  0.038   3.5080402476816291E-01   2.0649114318692027E-03   8.1754630667358515E+02   3.2436969319794140E-01   9.5026161820172070E-03   1.1760817609592737E+03 
      1      16     72     *ANK   1.00E+05  1.00  0.039   3.6020959900353844E-01   2.6164119390598433E-03   1.0605023102888947E+03   3.2735337448562135E-01   8.7653261524425034E-03   1.0071280783539061E+03 
      1      17     77      ANK   1.00E+05  1.00  0.047   3.1197501286959944E-01   2.6172342064457038E-03   1.0565172716304473E+03   3.3186675281645783E-01   8.7113482336955012E-03   7.6650346539335453E+02 
      1      18     92      ANK   1.00E+05  0.08  0.047   3.3126514049324746E-01   2.2529228804350765E-03   9.2692661968867799E+02   3.3208674229946522E-01   8.7252192004832266E-03   7.3039738979578578E+02 
      1      19    101      ANK   1.00E+05  0.70  0.047   5.1303087692781435E-01   1.5390006669692873E-03   5.8073757997499274E+02   3.3419056638648043E-01   9.3152073690765409E-03   6.6991882120407240E+02 
      1      20    107      ANK   1.00E+05  1.00  0.050   5.9558740661525844E-01   9.4378522642651224E-04   3.2083830589754916E+02   3.3800890151855578E-01   9.7405126323527099E-03   5.9442317254573868E+02 
      1      21    127      ANK   1.00E+05  0.00  0.044   5.9558740661525755E-01   9.4378522642650628E-04   3.2083830592662684E+02   3.3800890151855595E-01   9.7405126323527220E-03   5.9442317254573913E+02 
      1      22    133     *ANK   5.00E+04  1.00  0.046   5.5976202206714087E-01   7.3815408541342750E-04   2.6368376715799803E+02   3.4131247323218500E-01   9.8576667916171548E-03   5.0525747772223991E+02 
      1      23    140      ANK   5.00E+04  0.70  0.049   5.8818183937360102E-01   6.2478920365427405E-04   2.3909001822488656E+02   3.4358647841605688E-01   9.7490279774196179E-03   5.0079556783297312E+02 
      1      24    146      ANK   5.00E+04  1.00  0.046   6.0342292720967183E-01   5.1117427792380320E-04   2.2311248965821875E+02   3.4613271257024220E-01   9.9509121973706035E-03   4.9035925930604486E+02 
      1      25    152      ANK   5.00E+04  1.00  0.044   5.7086906088818234E-01   4.5742698304240413E-04   1.9862592485340528E+02   3.4850845490758070E-01   9.7719508627403459E-03   4.4694033876798431E+02 
      1      26    158      ANK   5.00E+04  1.00  0.045   5.6227479004287351E-01   4.1714783358015806E-04   1.7876713202844897E+02   3.5020857756248619E-01   9.5315914710547549E-03   4.3022336489913971E+02 
      1      27    164      ANK   5.00E+04  1.00  0.044   5.1143137046419540E-01   3.0806509259399849E-04   1.3945608805343070E+02   3.5109526137516883E-01   9.9091960886624007E-03   3.8531202953844638E+02 
      1      28    170      ANK   5.00E+04  1.00  0.044   5.0879317694839965E-01   2.1707751132944399E-04   9.8593328489238147E+01   3.5298350702220749E-01   9.5427816877784056E-03   3.7486596340086186E+02 
      1      29    176      ANK   5.00E+04  1.00  0.043   4.5319244217719185E-01   1.6108089922341990E-04   6.9113488383171799E+01   3.5352434233854063E-01   9.3993698356545814E-03   3.2922383416826796E+02 
      1      30    182      ANK   5.00E+04  1.00  0.047   3.9198485721546777E-01   1.4815241978418598E-04   6.1236393641636766E+01   3.5407050196749357E-01   9.6841756924328313E-03   2.8440631178900691E+02 
      1      31    188     *ANK   1.00E+05  1.00  0.043   3.7691520599343503E-01   1.3690068300173253E-04   5.6616917172255121E+01   3.5487800271579634E-01   9.6059294652547280E-03   2.6957288740573074E+02 
      1      32    194      ANK   1.00E+05  1.00  0.047   3.1508576922888964E-01   1.1198271243794931E-04   4.6726341760388976E+01   3.5531872157997280E-01   9.0474397331120841E-03   2.2333030422622596E+02 
      1      33    215      ANK   1.00E+05  0.00  0.046   3.1508576922888998E-01   1.1198271243795066E-04   4.6726341828996851E+01   3.5531872157997274E-01   9.0474397331120875E-03   2.2333030422622170E+02 
      1      34    222     *ANK   5.00E+04  1.00  0.049   2.8638262912090873E-01   1.0438769720441616E-04   4.4692632856267693E+01   3.5496764775148476E-01   9.6476108226773785E-03   2.0515461618322439E+02 
      1      35    228      ANK   5.00E+04  1.00  0.047   2.4945593741098360E-01   1.0263522152761665E-04   4.3520115998682797E+01   3.5545806364512328E-01   9.4165451449978801E-03   1.7825552805285980E+02 
      1      36    248      ANK   5.00E+04  0.00  0.047   2.4945593741098332E-01   1.0263522152761800E-04   4.3520115968710805E+01   3.5545806364512333E-01   9.4165451449978940E-03   1.7825552805285918E+02 
      1      37    268     *ANK   2.50E+04  0.00  0.046   2.4945593741098285E-01   1.0263522152761804E-04   4.3520115962530866E+01   3.5545806364512322E-01   9.4165451449978906E-03   1.7825552805285915E+02 
      1      38    288     *ANK   1.25E+04  0.00  0.044   2.4945593741098299E-01   1.0263522152761856E-04   4.3520115965094327E+01   3.5545806364512322E-01   9.4165451449978906E-03   1.7825552805285912E+02 
      1      39    308     *ANK   6.25E+03  0.00  0.041   2.4945593741098304E-01   1.0263522152761840E-04   4.3520115965084798E+01   3.5545806364512322E-01   9.4165451449978906E-03   1.7825552805285901E+02 
      1      40    314     *ANK   3.12E+03  1.00  0.048   2.0567788270077753E-01   1.0402483885083167E-04   4.3291321176633048E+01   3.5567366072395384E-01   9.1000488861140462E-03   1.4403806523243051E+02 
      1      41    320      ANK   3.12E+03  1.00  0.045   1.8218915705973374E-01   1.0589103941328124E-04   4.4171553418724770E+01   3.5506376413226148E-01   9.3694511072753821E-03   1.2856593364113186E+02 
      1      42    327      ANK   3.12E+03  1.00  0.043   1.7671669013954405E-01   9.5460347975425409E-05   4.0796300917969198E+01   3.5524422615823714E-01   9.4038805218266269E-03   1.2504064185878401E+02 
      1      43    334      ANK   3.12E+03  1.00  0.043   1.7821549653544633E-01   7.2723048192475037E-05   3.1811882826307496E+01   3.5518095503474373E-01   9.0199951743517564E-03   1.2478803679479410E+02 
      1      44    340      ANK   3.12E+03  1.00  0.041   1.3196122479806346E-01   4.8946140088153556E-05   2.1662724014588626E+01   3.5470430895923671E-01   9.3485254736003724E-03   9.2907204677577226E+01 
      1      45    360      ANK   3.12E+03  0.00  0.042   1.3196122479806377E-01   4.8946140088154363E-05   2.1662723961861751E+01   3.5470430895923688E-01   9.3485254736004175E-03   9.2907204677579813E+01 
      1      46    366     *ANK   1.56E+03  1.00  0.044   1.1420423835847129E-01   3.4036908504268334E-05   1.4976557179473392E+01   3.5476653629023897E-01   9.3600857821573482E-03   7.9362146958797723E+01 
      1      47    375      ANK   1.56E+03  0.49  0.043   1.1596548277805077E-01   2.5755343992547514E-05   1.1208867575855280E+01   3.5471430721090152E-01   9.2350106006013708E-03   7.9784175271431863E+01 
      1      48    381      ANK   1.56E+03  1.00  0.035   1.0722910822934240E-01   2.9256804515912449E-05   1.2017644916228623E+01   3.5454994432987230E-01   9.1724959369974528E-03   7.3650787459656229E+01 
      1      49    387      ANK   1.56E+03  1.00  0.035   9.2408327738064344E-02   3.8754465517549634E-05   1.5899261403525170E+01   3.5430842329247675E-01   9.2581141051627323E-03   6.3711751613013803E+01 
#--------------------------------------------------------------------------------------------------------------------------------------------------------------------------------------------------------------
#  Grid  | Iter | Iter |  Iter  |   CFL   | Step | Lin  |        Res rho         |       Res kturb        |       Res wturb        |         C_lift         |        C_drag          |        totalRes        |
#  level |      | Tot  |  Type  |         |      | Res  |                        |                        |                        |                        |                        |                        |
#--------------------------------------------------------------------------------------------------------------------------------------------------------------------------------------------------------------
      1      50    393      ANK   1.56E+03  1.00  0.038   8.5155515529065362E-02   4.4422844622270611E-05   1.8366987017773884E+01   3.5425272349637693E-01   9.2551374863999118E-03   5.8686118593482469E+01 
      1      51    399      ANK   1.56E+03  1.00  0.039   8.1525028750177142E-02   4.3526459811426879E-05   1.7945235849580257E+01   3.5419013477402617E-01   9.1465491562243689E-03   5.5793589025127162E+01 
      1      52    405      ANK   1.56E+03  1.00  0.034   7.3481036953884346E-02   3.8027927444580275E-05   1.5749168017831851E+01   3.5398970882146413E-01   9.2111085288559755E-03   5.0147733690524525E+01 
      1      53    411      ANK   1.56E+03  1.00  0.040   6.6019405437418729E-02   3.2343851947809363E-05   1.3318598593892101E+01   3.5394304338172133E-01   9.2469388555225795E-03   4.4970126581879789E+01 
      1      54    431     *ANK   5.13E+03  0.00  0.046   6.6019405437418341E-02   3.2343851947809817E-05   1.3318598585914122E+01   3.5394304338172078E-01   9.2469388555225622E-03   4.4970126581876016E+01 
      1      55    450     *ANK   2.56E+03  0.00  0.049   6.6019405437418285E-02   3.2343851947809824E-05   1.3318598585902253E+01   3.5394304338172078E-01   9.2469388555225622E-03   4.4970126581876009E+01 
      1      56    456     *ANK   1.28E+03  1.00  0.038   5.9480476960205322E-02   2.5924326705573854E-05   1.0459344890165765E+01   3.5396811872145928E-01   9.1651199746071946E-03   3.9621728560132745E+01 
      1      57    462      ANK   1.28E+03  1.00  0.033   5.7292499077615730E-02   1.8996436793290074E-05   7.7135032288902829E+00   3.5386280125864128E-01   9.1683426418218764E-03   3.7945496248098351E+01 
      1      58    468      ANK   1.28E+03  1.00  0.041   4.9576874507585578E-02   1.3988770718930429E-05   5.6694633748385943E+00   3.5381530483503998E-01   9.2396723375991596E-03   3.2729263164129932E+01 
      1      59    474      ANK   1.28E+03  1.00  0.039   4.7705379751070601E-02   1.0487568235136978E-05   4.1229837521239183E+00   3.5388968644758279E-01   9.1839972214435520E-03   3.1320008746975930E+01 
      1      60    480      ANK   1.28E+03  1.00  0.038   4.6812344815693713E-02   9.0485719151000006E-06   3.8192686104853681E+00   3.5388021562364785E-01   9.1445280380330757E-03   3.0539688414876533E+01 
      1      61    486      ANK   1.28E+03  1.00  0.040   3.9774524758851910E-02   7.0104690101770062E-06   3.1485996304227020E+00   3.5383726054394310E-01   9.2166865353766076E-03   2.5721498495557551E+01 
      1      62    492      ANK   1.28E+03  1.00  0.039   3.8510168142119099E-02   7.2351699923620424E-06   3.0503810611643880E+00   3.5392686275456475E-01   9.1975986881338394E-03   2.5017514004330252E+01 
      1      63    498      ANK   1.28E+03  1.00  0.042   3.7495653985868557E-02   8.5570770628610359E-06   3.6328056248228822E+00   3.5398343154933226E-01   9.1422389637650526E-03   2.4103913435551153E+01 
      1      64    504      ANK   1.28E+03  1.00  0.037   3.3075115842330104E-02   7.4078753452370325E-06   3.3320552658564400E+00   3.5396210971897124E-01   9.1915925382627817E-03   2.1073831519389284E+01 
      1      65    525     *ANK   4.36E+03  0.00  0.047   3.3075115842329764E-02   7.4078753452377660E-06   3.3320552963746763E+00   3.5396210971897146E-01   9.1915925382627505E-03   2.1073831519385962E+01 
      1      66    545     *ANK   2.18E+03  0.00  0.041   3.3075115842329722E-02   7.4078753452377576E-06   3.3320552963733161E+00   3.5396210971897146E-01   9.1915925382627505E-03   2.1073831519385958E+01 
      1      67    551     *ANK   1.09E+03  1.00  0.039   2.9459594781707309E-02   6.5647333896705764E-06   2.7974928829012629E+00   3.5403822599932783E-01   9.2063725326097141E-03   1.8653858017649316E+01 
      1      68    557      ANK   1.09E+03  1.00  0.042   2.8776923179477967E-02   6.5766650982009623E-06   2.6907879095002878E+00   3.5413035456346142E-01   9.1556087620650334E-03   1.8024754658630705E+01 
      1      69    563      ANK   1.09E+03  1.00  0.032   2.7223655792909446E-02   5.7871769791691329E-06   2.5163876570659154E+00   3.5414400519284861E-01   9.1697574099170558E-03   1.6930659717798662E+01 
      1      70    569      ANK   1.09E+03  1.00  0.042   2.4232719922220435E-02   4.5881605620879740E-06   1.8985070940280473E+00   3.5419553300175666E-01   9.2023117593152404E-03   1.5059510531369673E+01 
      1      71    575      ANK   1.09E+03  1.00  0.038   2.3505416154336770E-02   4.2400836479762528E-06   1.6296778432086041E+00   3.5429471874634705E-01   9.1686587875763458E-03   1.4562735821604663E+01 
      1      72    581      ANK   1.09E+03  1.00  0.035   2.2864535254318617E-02   4.1120982328381073E-06   1.6416689396095097E+00   3.5434201561291012E-01   9.1559084267286393E-03   1.4037671674235284E+01 
      1      73    587      ANK   1.09E+03  1.00  0.041   1.9935349085832787E-02   2.9626844586585060E-06   1.1560254746725334E+00   3.5437465840421845E-01   9.1907833365593179E-03   1.2072832893395736E+01 
      1      74    593      ANK   1.09E+03  1.00  0.037   1.9239984036712968E-02   2.9490800155213152E-06   1.0860483774867606E+00   3.5446613811422745E-01   9.1762537518052505E-03   1.1750953401208266E+01 
      1      75    599      ANK   1.09E+03  1.00  0.040   1.8808022981128093E-02   3.0585855850234971E-06   1.1054025109766441E+00   3.5453242260943568E-01   9.1519766330137222E-03   1.1322192350886716E+01 
      1      76    605      ANK   1.09E+03  1.00  0.036   1.6737683701790497E-02   2.2367224879082608E-06   8.5473410538730610E-01   3.5455962162831678E-01   9.1769948939900391E-03   9.8837338909088590E+00 
      1      77    626     *ANK   3.70E+03  0.00  0.050   1.6737683701789394E-02   2.2367224879081583E-06   8.5473407275971169E-01   3.5455962162831672E-01   9.1769948939900252E-03   9.8837338909025831E+00 
      1      78    645     *ANK   1.85E+03  0.00  0.048   1.6737683701789411E-02   2.2367224879081718E-06   8.5473407275974433E-01   3.5455962162831672E-01   9.1769948939900252E-03   9.8837338909025867E+00 
      1      79    651     *ANK   9.25E+02  1.00  0.036   1.5034503034740283E-02   2.2771681010123262E-06   8.6771987666531247E-01   3.5463222352562546E-01   9.1793496343320086E-03   8.8120490758123200E+00 
      1      80    657      ANK   9.25E+02  1.00  0.038   1.4805863264266915E-02   2.2245024049034139E-06   7.6859214166862666E-01   3.5470403818431218E-01   9.1561914471566495E-03   8.5603701182579481E+00 
      1      81    663      ANK   9.25E+02  1.00  0.030   1.3874842776562738E-02   1.8931785958011942E-06   7.5406624974810843E-01   3.5473729291452100E-01   9.1644550447064644E-03   7.8560105688096789E+00 
      1      82    669      ANK   9.25E+02  1.00  0.038   1.2675646672579510E-02   1.6924793323428024E-06   6.5070433351113022E-01   3.5478999523324750E-01   9.1763342413733549E-03   7.2034701899838129E+00 
      1      83    675      ANK   9.25E+02  1.00  0.034   1.2309151765392120E-02   1.6504877456345101E-06   5.8310045105237707E-01   3.5485729117868081E-01   9.1608804320006398E-03   6.9835032924157758E+00 
      1      84    681      ANK   9.25E+02  1.00  0.031   1.1830294248532009E-02   1.7708153330172296E-06   7.0761908152608100E-01   3.5489966108993398E-01   9.1568277525448695E-03   6.5635827073299744E+00 
      1      85    687      ANK   9.25E+02  1.00  0.036   1.0691269894042824E-02   1.3630843535007115E-06   5.5036628162793622E-01   3.5493696746037201E-01   9.1700303468061472E-03   5.8423740924098366E+00 
      1      86    693      ANK   9.25E+02  1.00  0.032   1.0232421757837720E-02   1.3468123089188047E-06   5.1311163890466882E-01   3.5499504036033125E-01   9.1632705156135096E-03   5.6487668702271696E+00 
      1      87    699      ANK   9.25E+02  1.00  0.034   9.9630947219530707E-03   1.5522473582307811E-06   6.1892029832829032E-01   3.5504092145394772E-01   9.1539717415804588E-03   5.3794593419527548E+00 
      1      88    705      ANK   9.25E+02  1.00  0.032   9.1268487765999353E-03   1.2363315329105032E-06   5.2934592258390345E-01   3.5507075991045695E-01   9.1632465289439649E-03   4.8005812089643598E+00 
      1      89    725     *ANK   3.02E+03  0.00  0.048   9.1268487766000203E-03   1.2363315329108435E-06   5.2934587233798913E-01   3.5507075991045695E-01   9.1632465289440169E-03   4.8005812089621811E+00 
      1      90    744     *ANK   1.51E+03  0.00  0.042   9.1268487766000238E-03   1.2363315329108443E-06   5.2934587233801900E-01   3.5507075991045695E-01   9.1632465289440169E-03   4.8005812089621847E+00 
      1      91    750     *ANK   7.55E+02  1.00  0.029   8.1596650495898374E-03   1.0652359318455754E-06   4.3513352719114118E-01   3.5511544863390332E-01   9.1638100102234259E-03   4.1609078532713681E+00 
      1      92    756      ANK   7.55E+02  1.00  0.030   8.0175446415048628E-03   1.1422622855398066E-06   4.5421444833615282E-01   3.5515918139659103E-01   9.1552865132524149E-03   4.0216185907524924E+00 
      1      93    762      ANK   7.55E+02  1.00  0.026   7.6448784538998941E-03   1.0595573900771598E-06   4.6607144426661112E-01   3.5518733127601687E-01   9.1574690773762457E-03   3.7179494581585510E+00 
      1      94    768      ANK   7.55E+02  1.00  0.030   7.1235852636382466E-03   8.4584211408341771E-07   3.6586058721639131E-01   3.5522106529137193E-01   9.1615977624041594E-03   3.4612130663350440E+00 
      1      95    774      ANK   7.55E+02  1.00  0.026   6.8775862283569078E-03   8.5285308798055297E-07   3.5344885788610458E-01   3.5525951654475968E-01   9.1569087196985526E-03   3.3383147967085338E+00 
      1      96    780      ANK   7.55E+02  1.00  0.026   6.6594018888454501E-03   9.3627433633007245E-07   4.0730742059437663E-01   3.5528912743918895E-01   9.1545309969538694E-03   3.1353900919387581E+00 
      1      97    786      ANK   7.55E+02  1.00  0.027   6.2381577389515061E-03   7.6908047759963600E-07   3.4645664380737473E-01   3.5531543909654478E-01   9.1581422355213223E-03   2.8721415118223197E+00 
      1      98    792      ANK   7.55E+02  1.00  0.026   5.9345884066398539E-03   7.2365782315358206E-07   3.1409052781874375E-01   3.5534704894878150E-01   9.1570410974284901E-03   2.7407206084621496E+00 
      1      99    798      ANK   7.55E+02  1.00  0.026   5.7734620360897918E-03   7.8387922898809459E-07   3.4137610685106268E-01   3.5537576728030129E-01   9.1536426722255582E-03   2.6060465996429563E+00 
#--------------------------------------------------------------------------------------------------------------------------------------------------------------------------------------------------------------
#  Grid  | Iter | Iter |  Iter  |   CFL   | Step | Lin  |        Res rho         |       Res kturb        |       Res wturb        |         C_lift         |        C_drag          |        totalRes        |
#  level |      | Tot  |  Type  |         |      | Res  |                        |                        |                        |                        |                        |                        |
#--------------------------------------------------------------------------------------------------------------------------------------------------------------------------------------------------------------
      1     100    803      ANK   7.55E+02  1.00  0.050   5.2932464207140944E-03   7.4025656809770496E-07   3.2996593233376836E-01   3.5539508811926473E-01   9.1547948663458379E-03   2.2071918846910172E+00 
      1     101    823     *ANK   2.62E+03  0.00  0.034   5.2932464207136485E-03   7.4025656809599385E-07   3.2996597033691732E-01   3.5539508811926429E-01   9.1547948663457997E-03   2.2071918846864729E+00 
      1     102    842     *ANK   1.31E+03  0.00  0.038   5.2932464207136477E-03   7.4025656809598951E-07   3.2996597033969804E-01   3.5539508811926429E-01   9.1547948663457997E-03   2.2071918846864755E+00 
      1     103    850     *ANK   9.22E+02  0.49  0.031   5.2789429478685241E-03   5.9609752875261951E-07   2.8050245757506947E-01   3.5540843535143424E-01   9.1554587366480325E-03   2.2936501091978121E+00 
      1     104    856      ANK   9.22E+02  1.00  0.027   5.2227277611433739E-03   5.9389030683987470E-07   2.7168184965683267E-01   3.5543564120367011E-01   9.1547947549198098E-03   2.3791699475178754E+00 
      1     105    862      ANK   9.22E+02  1.00  0.026   5.0802970648961077E-03   6.5018301544187649E-07   2.9129397529177076E-01   3.5546052124725119E-01   9.1530667491862474E-03   2.2972586624255285E+00 
      1     106    868      ANK   9.22E+02  1.00  0.026   4.8273575546279313E-03   6.3843343221821299E-07   2.8966901463358918E-01   3.5548238698856960E-01   9.1535651481308537E-03   2.1284279104489743E+00 
      1     107    874      ANK   9.22E+02  1.00  0.026   4.5580541996282035E-03   5.9872273459871822E-07   2.6931698586665903E-01   3.5550467908475258E-01   9.1536273610106928E-03   1.9711835664516615E+00 
      1     108    880      ANK   9.22E+02  1.00  0.026   4.3633329696482290E-03   5.9036568931682859E-07   2.6660312621745846E-01   3.5552682677580388E-01   9.1521791181490009E-03   1.8425680009290608E+00 
      1     109    886      ANK   9.22E+02  1.00  0.027   4.1621273152100454E-03   5.5961962533527877E-07   2.5841219117166314E-01   3.5554603999780493E-01   9.1522663655184897E-03   1.7053667193234072E+00 
      1     110    892      ANK   9.22E+02  1.00  0.027   3.9473848979102964E-03   5.0496618454412335E-07   2.3282905028625567E-01   3.5556539467239412E-01   9.1526592155811663E-03   1.5872954925434495E+00 
      1     111    898      ANK   9.22E+02  1.00  0.026   3.7892326218603761E-03   4.8463136694237492E-07   2.2299801893455762E-01   3.5558499123868625E-01   9.1515939585840745E-03   1.4954560780592689E+00 
      1     112    904      ANK   9.22E+02  1.00  0.027   3.6380701704162052E-03   4.6278000885457228E-07   2.1731859716075133E-01   3.5560231393735969E-01   9.1513503556902558E-03   1.3955160188849884E+00 
      1     113    923     *ANK   2.15E+03  0.00  0.047   3.6380701704156501E-03   4.6278000885443596E-07   2.1731881032407113E-01   3.5560231393736008E-01   9.1513503556902975E-03   1.3955160188813507E+00 
      1     114    929     *ANK   1.16E+03  1.00  0.032   3.5358026474866439E-03   4.4788350491911780E-07   2.1124190008757118E-01   3.5562027624777970E-01   9.1517790481789839E-03   1.4307623242768897E+00 
      1     115    935      ANK   1.16E+03  1.00  0.030   3.3655030761050135E-03   4.4567346468912839E-07   2.0787808444817682E-01   3.5563807395532560E-01   9.1508222785290604E-03   1.3304506726150618E+00 
      1     116    941      ANK   1.16E+03  1.00  0.031   3.2134774433129100E-03   4.3782776999360295E-07   2.0781475507035924E-01   3.5565434201872959E-01   9.1505192580966146E-03   1.2287970557430266E+00 
      1     117    947      ANK   1.16E+03  1.00  0.032   3.0373827215692032E-03   3.9984371711363640E-07   1.8957986761556192E-01   3.5566939238685241E-01   9.1510116473678647E-03   1.1318240461448892E+00 
      1     118    953      ANK   1.16E+03  1.00  0.031   2.8999692492141988E-03   3.8082361323888618E-07   1.7971316265258638E-01   3.5568526853414384E-01   9.1502005380258936E-03   1.0563290382933417E+00 
      1     119    959      ANK   1.16E+03  1.00  0.033   2.7805350594511031E-03   3.6450255576275546E-07   1.7589008553765004E-01   3.5569914490972321E-01   9.1499239184242645E-03   9.8182926239776869E-01 
      1     120    965      ANK   1.16E+03  1.00  0.033   2.6331795712650971E-03   3.2318259120106523E-07   1.5632435773549797E-01   3.5571248178311848E-01   9.1504724431238655E-03   9.0724389170294140E-01 
      1     121    971      ANK   1.16E+03  1.00  0.033   2.5180239276611617E-03   3.0343056482814860E-07   1.4579825098082019E-01   3.5572633541731197E-01   9.1497101971106110E-03   8.4860324882673799E-01 
      1     122    977      ANK   1.16E+03  1.00  0.034   2.4241813103943848E-03   2.9048386546710408E-07   1.4307913609898282E-01   3.5573840566196707E-01   9.1494782286231612E-03   7.9281021804583340E-01 
      1     123    983      ANK   1.16E+03  1.00  0.034   2.2972185322262511E-03   2.5330522796206752E-07   1.2515067597658683E-01   3.5575004603972571E-01   9.1500279649444610E-03   7.3341420775218413E-01 
      1     124   1004     *ANK   3.46E+03  0.00  0.041   2.2972185322257662E-03   2.5330522796254779E-07   1.2515085127401346E-01   3.5575004603972576E-01   9.1500279649444818E-03   7.3341420774725186E-01 
      1     125   1010     *ANK   1.73E+03  1.00  0.047   2.2356018447439382E-03   2.7302449710288517E-07   1.3494884332538595E-01   3.5576341351594443E-01   9.1491427447456686E-03   7.8586454883848589E-01 
      1     126   1016      ANK   1.73E+03  1.00  0.045   2.1213838212565668E-03   2.7990139945846389E-07   1.4122102857611329E-01   3.5577421001186149E-01   9.1491094956471768E-03   7.1737796884718397E-01 
      1     127   1022      ANK   1.73E+03  1.00  0.046   1.9851548577462740E-03   2.5338311208013400E-07   1.2470987469001314E-01   3.5578550397912040E-01   9.1497480984397157E-03   6.5010841420101828E-01 
      1     128   1029      ANK   1.73E+03  1.00  0.035   1.9112653176652640E-03   2.7138845460689058E-07   1.3270789159115973E-01   3.5579713493884013E-01   9.1481086517037485E-03   6.1964519711138044E-01 
      1     129   1036      ANK   1.73E+03  1.00  0.041   1.7890819806043784E-03   2.3870934067205647E-07   1.2161682888474536E-01   3.5580612577240861E-01   9.1492449277894936E-03   5.4863292590336621E-01 
      1     130   1043      ANK   1.73E+03  1.00  0.048   1.7009431798165483E-03   2.2150672865067321E-07   1.0895915281862859E-01   3.5581687903119552E-01   9.1486919859982210E-03   5.1085607840831171E-01 
      1     131   1050      ANK   1.73E+03  1.00  0.047   1.6390315873494878E-03   2.1236407307445328E-07   1.0891783152069158E-01   3.5582561744478186E-01   9.1482818444306169E-03   4.8321176361873952E-01 
      1     132   1057      ANK   1.73E+03  1.00  0.050   1.5285027048247343E-03   1.7228574734976065E-07   8.6208396727993936E-02   3.5583424750160209E-01   9.1490473149331980E-03   4.3880734330279320E-01 
      1     133   1065      ANK   1.73E+03  1.00  0.032   1.4971862624747500E-03   1.9307761186591913E-07   9.8135310842478729E-02   3.5584278834213562E-01   9.1484819670977716E-03   4.2936286982591126E-01 
      1     134   1072      ANK   1.73E+03  1.00  0.037   1.3998041107878673E-03   1.4215702077994528E-07   7.3957429860364535E-02   3.5585176248116407E-01   9.1484901768341103E-03   3.9239083634080585E-01 
      1     135   1096     *ANK   5.04E+03  0.00  0.048   1.3998041107879549E-03   1.4215702077945733E-07   7.3957270150957988E-02   3.5585176248116357E-01   9.1484901768340374E-03   3.9239083633802574E-01 
      1     136   1104     *ANK   2.52E+03  1.00  0.043   1.3490257102167186E-03   1.7488824509772244E-07   9.2129114720847755E-02   3.5585881875941872E-01   9.1476780451977165E-03   4.0058751398482351E-01 
      1     137   1112      ANK   2.52E+03  1.00  0.049   1.2558671894425731E-03   1.4417160467139825E-07   7.6267415407631461E-02   3.5586673349312808E-01   9.1485428661748931E-03   3.5716957886456113E-01 
      1     138   1120      ANK   2.52E+03  1.00  0.043   1.2107782046623038E-03   1.6369251983323617E-07   8.5723525379544280E-02   3.5587364270530980E-01   9.1480148123466373E-03   3.4291675337422428E-01 
      1     139   1128      ANK   2.52E+03  1.00  0.048   1.1283570328656390E-03   1.2325631048779496E-07   6.5079517329680717E-02   3.5588052153806315E-01   9.1479859648258815E-03   3.0520270951812511E-01 
      1     140   1136      ANK   2.52E+03  1.00  0.049   1.0795782650035272E-03   1.2339354389487637E-07   6.5611210755157579E-02   3.5588535659040277E-01   9.1477326294162210E-03   2.8999058001280559E-01 
      1     141   1146      ANK   2.52E+03  1.00  0.047   1.0152422537976233E-03   1.0063143252202098E-07   5.4220204138251266E-02   3.5589193435467853E-01   9.1477325269888193E-03   2.6315286432092350E-01 
      1     142   1154      ANK   2.52E+03  1.00  0.044   9.6405186282735921E-04   8.7546537993953536E-08   4.8461890383330625E-02   3.5589683051991317E-01   9.1481296033423184E-03   2.4736445057366527E-01 
      1     143   1163      ANK   2.52E+03  1.00  0.041   9.2275170912895182E-04   8.9526007076545245E-08   4.8797431584453509E-02   3.5590232696807722E-01   9.1475382087994224E-03   2.3419022596139208E-01 
      1     144   1172      ANK   2.52E+03  1.00  0.046   8.6845977985174332E-04   6.5272950894485581E-08   3.7259623187676130E-02   3.5590658876760267E-01   9.1479853020047935E-03   2.1463076730996561E-01 
      1     145   1180      ANK   2.52E+03  1.00  0.044   8.3551671279768764E-04   6.8163655341583102E-08   3.8083307958226627E-02   3.5591025895751277E-01   9.1477443435792893E-03   2.0730533423620690E-01 
      1     146   1194     *ANK   7.47E+03  1.00  0.048   7.8549110735709688E-04   1.1011415414295276E-07   6.7991295801898957E-02   3.5591508192353633E-01   9.1477365087997906E-03   2.2190824574724385E-01 
      1     147   1207      ANK   7.47E+03  1.00  0.045   7.4648136240949912E-04   1.1514700654901368E-07   6.7179563044006865E-02   3.5591788958745052E-01   9.1474820555339717E-03   2.1193388045369252E-01 
      1     148   1220      ANK   7.47E+03  1.00  0.046   7.0942143028767551E-04   9.8764677442884548E-08   5.6348427869508638E-02   3.5592189427644499E-01   9.1475253326491063E-03   2.0213596023313063E-01 
      1     149   1233      ANK   7.47E+03  1.00  0.046   6.7187041463493509E-04   7.9173173238460774E-08   4.4538712793935092E-02   3.5592516886509434E-01   9.1475322177327137E-03   1.9203840962445595E-01 
#--------------------------------------------------------------------------------------------------------------------------------------------------------------------------------------------------------------
#  Grid  | Iter | Iter |  Iter  |   CFL   | Step | Lin  |        Res rho         |       Res kturb        |       Res wturb        |         C_lift         |        C_drag          |        totalRes        |
#  level |      | Tot  |  Type  |         |      | Res  |                        |                        |                        |                        |                        |                        |
#--------------------------------------------------------------------------------------------------------------------------------------------------------------------------------------------------------------
      1     150   1246      ANK   7.47E+03  1.00  0.044   6.3449361612195714E-04   6.2099308390524181E-08   3.4991400062590564E-02   3.5592796606353228E-01   9.1475531665544622E-03   1.8004100403882001E-01 
      1     151   1259      ANK   7.47E+03  1.00  0.041   5.9886692265615870E-04   4.8935263112364389E-08   2.7922639969466714E-02   3.5593047077698525E-01   9.1474955142924821E-03   1.6823679644105607E-01 
      1     152   1272      ANK   7.47E+03  1.00  0.041   5.6529308907381942E-04   3.8066997537199904E-08   2.1933995391211561E-02   3.5593281781398856E-01   9.1474209422755613E-03   1.5722733874324751E-01 
      1     153   1285      ANK   7.47E+03  1.00  0.041   5.3325935466724719E-04   3.0455408550770490E-08   1.7274896333511855E-02   3.5593492533101384E-01   9.1474056047645812E-03   1.4602796981041796E-01 
      1     154   1297      ANK   7.47E+03  1.00  0.047   5.0234943450688492E-04   2.7873330051419033E-08   1.4386061553812212E-02   3.5593643369601174E-01   9.1473654762343030E-03   1.3561404124408519E-01 
      1     155   1309      ANK   7.47E+03  1.00  0.049   4.7139604602393977E-04   2.8142598994410235E-08   1.3585284325399892E-02   3.5593765002674493E-01   9.1473188263985553E-03   1.2432417263097854E-01 
      1     156   1324     *ANK   1.88E+04  1.00  0.042   4.5661534990985994E-04   3.1478464665209888E-08   1.7750303849147504E-02   3.5593937720369490E-01   9.1474985413099313E-03   1.1893213480971954E-01 
      1     157   1336      ANK   1.88E+04  1.00  0.047   4.3374153819002832E-04   2.7065946383874222E-08   1.4423929617935854E-02   3.5593923637132724E-01   9.1473794663138475E-03   1.1322398206203999E-01 
      1     158   1349      ANK   1.88E+04  1.00  0.045   4.0868437635668451E-04   2.4856164399507527E-08   1.1895400788203031E-02   3.5594047156493136E-01   9.1474081989780538E-03   1.0439904879256957E-01 
      1     159   1362      ANK   1.88E+04  1.00  0.049   3.8375310980229163E-04   2.5320193792676338E-08   1.1266993827270391E-02   3.5594148561621686E-01   9.1473200203121274E-03   9.6592554424668631E-02 
      1     160   1375      ANK   1.88E+04  1.00  0.047   3.5907651354845767E-04   2.7007959845832178E-08   1.1849136902023152E-02   3.5594237951375735E-01   9.1473785306254822E-03   8.7482613174944379E-02 
      1     161   1387      ANK   1.88E+04  1.00  0.048   3.3412014990952444E-04   2.5056398160081191E-08   1.1155473686647840E-02   3.5594264677900600E-01   9.1472832794829446E-03   7.9884349345894876E-02 
      1     162   1399      ANK   1.88E+04  1.00  0.044   3.1238856688803340E-04   2.4306657910513719E-08   1.0776827429288077E-02   3.5594328176351636E-01   9.1472946760204187E-03   7.2563052805488776E-02 
      1     163   1411      ANK   1.88E+04  1.00  0.047   2.9083332892740880E-04   2.2662645082278638E-08   1.0194389714595074E-02   3.5594342332878293E-01   9.1473063991881990E-03   6.6146885257992769E-02 
      1     164   1423      ANK   1.88E+04  1.00  0.046   2.7063176553309852E-04   2.0888981481682183E-08   9.5245001417882842E-03   3.5594364255791699E-01   9.1472796367294967E-03   6.0325674053598510E-02 
      1     165   1436     *ANK   6.14E+04  1.00  0.045   2.5637474747126459E-04   1.8943065815775096E-08   8.4852067545401269E-03   3.5594388461128090E-01   9.1473106032081350E-03   5.6761035657145742E-02 
      1     166   1448      ANK   6.14E+04  1.00  0.048   2.3920975724313275E-04   1.7284783300099388E-08   8.0303381102579535E-03   3.5594390347475346E-01   9.1472784412250287E-03   5.1847164267246955E-02 
      1     167   1460      ANK   6.14E+04  1.00  0.044   2.2322227568701328E-04   1.5825405525057438E-08   7.4880418569705171E-03   3.5594394152530218E-01   9.1472695842463887E-03   4.7652289119407262E-02 
      1     168   1471      ANK   6.14E+04  1.00  0.049   2.0680213406730282E-04   1.4318208974961622E-08   7.0603971234058059E-03   3.5594404689785109E-01   9.1472507193146695E-03   4.3388611982248838E-02 
      1     169   1483      ANK   6.14E+04  1.00  0.043   1.9294545130741031E-04   1.2823850286051430E-08   6.4182441260283631E-03   3.5594410216805028E-01   9.1472650254688474E-03   4.0091226960135902E-02 
      1     170   1494      ANK   6.14E+04  1.00  0.050   1.7875844554798208E-04   1.1982362103804755E-08   6.2038184041843317E-03   3.5594411910533519E-01   9.1472838115716874E-03   3.6527072976273819E-02 
      1     171   1504      ANK   6.14E+04  1.00  0.048   1.6692027877563507E-04   1.0978610255825333E-08   5.7644595807979458E-03   3.5594415783352285E-01   9.1472906658448955E-03   3.3863029037728198E-02 
      1     172   1512      ANK   6.14E+04  1.00  0.047   1.5519078694601533E-04   1.0279009102763487E-08   5.4845245078277175E-03   3.5594406654473348E-01   9.1473348060852593E-03   3.1197699014336288E-02 
      1     173   1521      ANK   6.14E+04  1.00  0.046   1.4531397727113231E-04   8.5032170362344596E-09   4.8690055776424539E-03   3.5594409858140497E-01   9.1472519875491903E-03   2.9213281200802736E-02 
      1     174   1531     *ANK   1.00E+05  1.00  0.048   1.3540105961127786E-04   8.0692737440919118E-09   4.6801341976625754E-03   3.5594412205963161E-01   9.1472960212415303E-03   2.6836531010548961E-02 
      1     175   1539      ANK   1.00E+05  1.00  0.046   1.2663757834943415E-04   7.3694597865434447E-09   4.4209092515358839E-03   3.5594406537671380E-01   9.1472970849736761E-03   2.5148625027226493E-02 
      1     176   1548      ANK   1.00E+05  1.00  0.049   1.1883057551317905E-04   6.6628975576464223E-09   4.1508915962377713E-03   3.5594409563805063E-01   9.1472557640003352E-03   2.3562313267753956E-02 
      1     177   1557      ANK   1.00E+05  1.00  0.042   1.1108985280887578E-04   6.6871096897432764E-09   4.0920610899550418E-03   3.5594405705798160E-01   9.1472966663008887E-03   2.1853121444874196E-02 
      1     178   1565      ANK   1.00E+05  1.00  0.042   1.0396517976359324E-04   5.9823521357353621E-09   3.8429953933432682E-03   3.5594401731576070E-01   9.1472748608907549E-03   2.0475492550226061E-02 
      1     179   1572      ANK   1.00E+05  1.00  0.048   9.7241576385967342E-05   5.7200778296501105E-09   3.6786395633482236E-03   3.5594403499747290E-01   9.1472825082403366E-03   1.8988449115173004E-02 
      1     180   1580      ANK   1.00E+05  1.00  0.044   9.0847971204965997E-05   5.0035856570022881E-09   3.4107127343415799E-03   3.5594397102090219E-01   9.1472793705942457E-03   1.7722595492055633E-02 
      1     181   1589      ANK   1.00E+05  1.00  0.050   8.5227425379469078E-05   4.5945216968084325E-09   3.1968124122317464E-03   3.5594398704357771E-01   9.1472647006491069E-03   1.6570205811024519E-02 
      1     182   1595      ANK   1.00E+05  1.00  0.045   7.9662331674201718E-05   4.2574705198333492E-09   3.0245747911117429E-03   3.5594393848767347E-01   9.1472705099351660E-03   1.5430036355437582E-02 
      1     183   1603      ANK   1.00E+05  1.00  0.048   7.4880313453116925E-05   3.9883363796128264E-09   2.8761303280391594E-03   3.5594394547492048E-01   9.1472631170730970E-03   1.4524166439495601E-02 
      1     184   1609     *ANK   1.00E+05  1.00  0.044   7.0053018017652923E-05   3.6827774433957366E-09   2.7019582746445709E-03   3.5594389776531077E-01   9.1472712338157621E-03   1.3535005733340663E-02 
      1     185   1617      ANK   1.00E+05  1.00  0.049   6.5833541395427070E-05   3.4794112407895561E-09   2.5741054006266431E-03   3.5594390303290635E-01   9.1472661644983241E-03   1.2715194270095627E-02 
      1     186   1623      ANK   1.00E+05  1.00  0.044   6.1675907186667308E-05   3.2512588043998976E-09   2.4354778170431026E-03   3.5594386735075972E-01   9.1472671301968452E-03   1.1879719539496333E-02 
      1     187   1630      ANK   1.00E+05  1.00  0.049   5.8025305189811920E-05   3.1972284913985099E-09   2.3480941437459468E-03   3.5594386476302980E-01   9.1472719218165955E-03   1.1183320783741893E-02 
      1     188   1637      ANK   1.00E+05  1.00  0.040   5.4466601353978647E-05   3.1348588040549871E-09   2.2866158444383587E-03   3.5594382564019206E-01   9.1472675780673411E-03   1.0531627594417057E-02 
      1     189   1644      ANK   1.00E+05  1.00  0.049   5.1163688651690250E-05   3.0584934619071447E-09   2.1716361221771900E-03   3.5594382940298303E-01   9.1472736200147332E-03   9.8437004831941136E-03 
      1     190   1651      ANK   1.00E+05  1.00  0.044   4.7936017016599938E-05   2.8687348171029127E-09   2.0834439594794901E-03   3.5594380056790131E-01   9.1472610355080083E-03   9.2355434218943343E-03 
      1     191   1659      ANK   1.00E+05  1.00  0.049   4.5094285983085505E-05   2.7785214815156600E-09   1.9636848595480129E-03   3.5594379586830222E-01   9.1472738624410119E-03   8.6668275874185029E-03 
      1     192   1666      ANK   1.00E+05  1.00  0.043   4.2301650605807375E-05   2.6173302462247173E-09   1.8894101006550247E-03   3.5594377616798972E-01   9.1472619589101321E-03   8.1637730415452629E-03 
      1     193   1673      ANK   1.00E+05  1.00  0.049   3.9778729270154550E-05   2.5646638338707367E-09   1.7859605356947850E-03   3.5594377235649655E-01   9.1472751086645425E-03   7.6412244126476221E-03 
      1     194   1680     *ANK   1.00E+05  1.00  0.047   3.7248089032456564E-05   2.3192390294213342E-09   1.6897449659121744E-03   3.5594375556848418E-01   9.1472582530845604E-03   7.1540209843946071E-03 
      1     195   1688      ANK   1.00E+05  1.00  0.050   3.5043870167755996E-05   2.1411347405612487E-09   1.5433168064736423E-03   3.5594374565065073E-01   9.1472742103450178E-03   6.7158385212845407E-03 
      1     196   1695      ANK   1.00E+05  1.00  0.046   3.2865823622494294E-05   1.9434497438891849E-09   1.4653600574913912E-03   3.5594373845237276E-01   9.1472604444932399E-03   6.3126165343435113E-03 
      1     197   1702      ANK   1.00E+05  1.00  0.049   3.0918000660529910E-05   1.9147819547074862E-09   1.3820000055821025E-03   3.5594372746965958E-01   9.1472745872509149E-03   5.9180306157745948E-03 
      1     198   1710      ANK   1.00E+05  1.00  0.040   2.8985085558938387E-05   1.7326619630658936E-09   1.3115666386804728E-03   3.5594371805719616E-01   9.1472609273602346E-03   5.5471909813596294E-03 
      1     199   1718      ANK   1.00E+05  1.00  0.044   2.7259327025663830E-05   1.6290416715222636E-09   1.2127663350865901E-03   3.5594371204878156E-01   9.1472705154931281E-03   5.2179578283999941E-03 
#--------------------------------------------------------------------------------------------------------------------------------------------------------------------------------------------------------------
#  Grid  | Iter | Iter |  Iter  |   CFL   | Step | Lin  |        Res rho         |       Res kturb        |       Res wturb        |         C_lift         |        C_drag          |        totalRes        |
#  level |      | Tot  |  Type  |         |      | Res  |                        |                        |                        |                        |                        |                        |
#--------------------------------------------------------------------------------------------------------------------------------------------------------------------------------------------------------------
      1     200   1725      ANK   1.00E+05  1.00  0.039   2.5533668599465300E-05   1.4818789045052331E-09   1.1442575025321360E-03   3.5594370014803089E-01   9.1472649986773340E-03   4.8744013322647032E-03 
      1     201   1732      ANK   1.00E+05  1.00  0.045   2.4025598010327551E-05   1.4220016278126589E-09   1.0682563177449884E-03   3.5594370133447595E-01   9.1472718616309508E-03   4.5847039851837556E-03 
      1     202   1739      ANK   1.00E+05  1.00  0.047   2.2485909684287607E-05   1.2310290827664585E-09   9.8814457979067146E-04   3.5594369059201014E-01   9.1472618844035368E-03   4.2856001364013066E-03 
      1     203   1747      ANK   1.00E+05  1.00  0.048   2.1158390965498755E-05   1.1292348590892100E-09   8.9802163936290457E-04   3.5594368627210493E-01   9.1472715781060216E-03   4.0290826333494300E-03 
      1     204   1754     *ANK   1.00E+05  1.00  0.044   1.9823496406334407E-05   1.0218460047561933E-09   8.4916616509114209E-04   3.5594368177507607E-01   9.1472638684988831E-03   3.7756239039089322E-03 
      1     205   1761      ANK   1.00E+05  1.00  0.049   1.8656857371461935E-05   1.0052509925465147E-09   7.9425364696358142E-04   3.5594367961865653E-01   9.1472717198004070E-03   3.5486260822005264E-03 
      1     206   1768      ANK   1.00E+05  1.00  0.049   1.7458019431233177E-05   8.8933816327215024E-10   7.4471795262920294E-04   3.5594367476036420E-01   9.1472617432103338E-03   3.3116104181382970E-03 
      1     207   1776      ANK   1.00E+05  1.00  0.050   1.6431963873909767E-05   7.9830748887052250E-10   6.6769196895424072E-04   3.5594366971277253E-01   9.1472708219363392E-03   3.1169592431137920E-03 
      1     208   1783      ANK   1.00E+05  1.00  0.045   1.5396801289864023E-05   7.2100734308451175E-10   6.3229146444849084E-04   3.5594366860414234E-01   9.1472644739721137E-03   2.9194091445726615E-03 
      1     209   1790      ANK   1.00E+05  1.00  0.048   1.4485875131205151E-05   7.3548242921468062E-10   5.9864194618722397E-04   3.5594366444321457E-01   9.1472712426161912E-03   2.7439590075280461E-03 
      1     210   1798      ANK   1.00E+05  1.00  0.043   1.3567096268062097E-05   6.5638361682092494E-10   5.6335048752015240E-04   3.5594366266598837E-01   9.1472640398295411E-03   2.5651970375309653E-03 
      1     211   1806      ANK   1.00E+05  1.00  0.044   1.2760597810770037E-05   6.3204616727615711E-10   5.2199106759749365E-04   3.5594366015371387E-01   9.1472694352523910E-03   2.4176808559371286E-03 
      1     212   1813      ANK   1.00E+05  1.00  0.039   1.1944606752497881E-05   5.7916359210942974E-10   4.9323900435767083E-04   3.5594365592812044E-01   9.1472663707511011E-03   2.2553056551748440E-03 
      1     213   1820      ANK   1.00E+05  1.00  0.047   1.1239684448978177E-05   5.7180424181319582E-10   4.5997440673709641E-04   3.5594365770206315E-01   9.1472705664773484E-03   2.1268888914351691E-03 
      1     214   1828     *ANK   1.00E+05  1.00  0.043   1.0524945802474714E-05   4.8866184740882893E-10   4.2344281624342610E-04   3.5594365357411439E-01   9.1472660744985057E-03   1.9865272030228530E-03 
      1     215   1836      ANK   1.00E+05  1.00  0.043   9.8977858730810630E-06   4.6636637378820501E-10   3.9241607535917558E-04   3.5594365426338942E-01   9.1472686033826182E-03   1.8719119994002500E-03 
      1     216   1843      ANK   1.00E+05  1.00  0.041   9.2636896839535540E-06   4.1722872114196859E-10   3.6482212836963111E-04   3.5594364998874983E-01   9.1472671066376542E-03   1.7445896337693943E-03 
      1     217   1850      ANK   1.00E+05  1.00  0.050   8.7169384072893723E-06   4.0346636121365979E-10   3.3669413055425969E-04   3.5594365246897264E-01   9.1472696742343571E-03   1.6465826628379550E-03 
      1     218   1858      ANK   1.00E+05  1.00  0.044   8.1637309760136101E-06   3.4366070574697467E-10   3.0900563679459237E-04   3.5594364850741805E-01   9.1472670254138053E-03   1.5368905729712646E-03 
      1     219   1866      ANK   1.00E+05  1.00  0.044   7.6756244967893523E-06   3.2636444076382951E-10   2.8545841059169047E-04   3.5594365008517570E-01   9.1472683097098828E-03   1.4481231973155649E-03 
      1     220   1873      ANK   1.00E+05  1.00  0.043   7.1842274640967552E-06   2.9462876001055596E-10   2.6541986913682656E-04   3.5594364646172194E-01   9.1472674252789203E-03   1.3496142821937626E-03 
      1     221   1881      ANK   1.00E+05  1.00  0.047   6.7593839822410043E-06   2.7576544427331790E-10   2.4296757799579515E-04   3.5594364851364740E-01   9.1472685193833680E-03   1.2729544595785640E-03 
      1     222   1888      ANK   1.00E+05  1.00  0.044   6.3274778404910708E-06   2.4724680056704173E-10   2.2581488796501618E-04   3.5594364557159530E-01   9.1472670581772900E-03   1.1891653562259060E-03 
      1     223   1896      ANK   1.00E+05  1.00  0.048   5.9523264191353880E-06   2.3130087257568628E-10   2.0600568582451184E-04   3.5594364689831365E-01   9.1472684134793411E-03   1.1198614210709804E-03 
      1     224   1902     *ANK   1.00E+05  1.00  0.048   5.5765425771581915E-06   2.0311032565900976E-10   1.8944209078025040E-04   3.5594364549120178E-01   9.1472668174182280E-03   1.0459489583987882E-03 
      1     225   1910      ANK   1.00E+05  1.00  0.042   5.2423018890131800E-06   1.9844971889410457E-10   1.7706269935909710E-04   3.5594364575564902E-01   9.1472685656202365E-03   9.8449177472137569E-04 
      1     226   1916      ANK   1.00E+05  1.00  0.047   4.9099942968345452E-06   1.7600249079161812E-10   1.6402675851561913E-04   3.5594364465310274E-01   9.1472668480005164E-03   9.1904279442844264E-04 
      1     227   1924      ANK   1.00E+05  1.00  0.045   4.6168288000888443E-06   1.7695967663436476E-10   1.5408527510828149E-04   3.5594364499715764E-01   9.1472685921956884E-03   8.6687912468963728E-04 
      1     228   1931      ANK   1.00E+05  1.00  0.041   4.3195355583040674E-06   1.6144082755850868E-10   1.4495978606224761E-04   3.5594364371710552E-01   9.1472671673485020E-03   8.0868633029857872E-04 
      1     229   1939      ANK   1.00E+05  1.00  0.047   4.0635021103005378E-06   1.5524596376667968E-10   1.3302404510556190E-04   3.5594364448963639E-01   9.1472683214450148E-03   7.6334760530281443E-04 
      1     230   1946      ANK   1.00E+05  1.00  0.043   3.8033682275339801E-06   1.3650763186641127E-10   1.2282305721787685E-04   3.5594364298207609E-01   9.1472675206990418E-03   7.1217443584922595E-04 
      1     231   1954      ANK   1.00E+05  1.00  0.048   3.5766013640862505E-06   1.3001246044558146E-10   1.1267770460384664E-04   3.5594364393645128E-01   9.1472681503338218E-03   6.7133727524010158E-04 
      1     232   1960      ANK   1.00E+05  1.00  0.049   3.3499584691616212E-06   1.1178761908333909E-10   1.0143566448739441E-04   3.5594364283380597E-01   9.1472675004588642E-03   6.2669553375503391E-04 
      1     233   1968      ANK   1.00E+05  1.00  0.045   3.1485077886631737E-06   1.1019185752093774E-10   9.5184466565199726E-05   3.5594364352825336E-01   9.1472682623992430E-03   5.9047962545049899E-04 
      1     234   1974     *ANK   1.00E+05  1.00  0.049   2.9478572502713986E-06   9.6884244406975472E-11   8.6446774286641034E-05   3.5594364261128703E-01   9.1472675148223902E-03   5.5072949642584674E-04 
      1     235   1982      ANK   1.00E+05  1.00  0.048   2.7723234895032664E-06   9.6024486224384748E-11   8.0715181974320163E-05   3.5594364313687177E-01   9.1472683704811840E-03   5.1998595854743168E-04 
      1     236   1989      ANK   1.00E+05  1.00  0.044   2.5929062343716651E-06   8.6474986963356974E-11   7.5297972890428031E-05   3.5594364211539675E-01   9.1472676558953074E-03   4.8444678031388542E-04 
      1     237   1998      ANK   1.00E+05  1.00  0.049   2.4390567946484493E-06   7.8268009126292126E-11   6.7430707686000658E-05   3.5594364279789348E-01   9.1472681350344611E-03   4.5732755098643253E-04 
      1     238   2004      ANK   1.00E+05  1.00  0.045   2.2859525459513306E-06   6.9130194176187215E-11   6.1400949152628565E-05   3.5594364218027080E-01   9.1472679165633935E-03   4.2706088232232940E-04 
      1     239   2011      ANK   1.00E+05  1.00  0.047   2.1469311989751984E-06   7.1384825525823946E-11   5.9281465528320344E-05   3.5594364266925532E-01   9.1472680623524965E-03   4.0230531276087161E-04 
      1     240   2018      ANK   1.00E+05  1.00  0.041   2.0102475328502439E-06   6.4009411713239698E-11   5.4372711871192996E-05   3.5594364148293273E-01   9.1472681273614357E-03   3.7550695752063744E-04 
      1     241   2028      ANK   1.00E+05  1.00  0.037   1.8893505903941064E-06   6.0389052304358786E-11   5.0487585324822214E-05   3.5594364277469198E-01   9.1472678993727071E-03   3.5414605851479951E-04 
      1     242   2034      ANK   1.00E+05  1.00  0.046   1.7712401372051938E-06   5.2605158098842276E-11   4.4946477665213325E-05   3.5594364177395904E-01   9.1472681198254604E-03   3.3061803482986227E-04 
      1     243   2040      ANK   1.00E+05  1.00  0.048   1.6613483995925110E-06   4.9439068183312663E-11   4.1268158984505599E-05   3.5594364239416959E-01   9.1472684748323679E-03   3.1083751343466258E-04 
      1     244   2048     *ANK   1.00E+05  1.00  0.044   1.5567004195152410E-06   4.8101614447553064E-11   3.7802554341352777E-05   3.5594364190991118E-01   9.1472679681357388E-03   2.9066628720177834E-04 
      1     245   2056      ANK   1.00E+05  1.00  0.044   1.4622085246820408E-06   4.7768043303462790E-11   3.6335953124376092E-05   3.5594364240103921E-01   9.1472679389234136E-03   2.7408188354349571E-04 
      1     246   2064      ANK   1.00E+05  1.00  0.050   1.3701960903428209E-06   4.2187575061740058E-11   3.2188242922367007E-05   3.5594364160032055E-01   9.1472682056276764E-03   2.5577669771892624E-04 
      1     247   2073      ANK   1.00E+05  1.00  0.045   1.2862458575203521E-06   3.8840093994848572E-11   2.9149944864108217E-05   3.5594364216361168E-01   9.1472679440745240E-03   2.4094373627337107E-04 
      1     248   2079      ANK   1.00E+05  1.00  0.046   1.2058062149207587E-06   3.7322771948647184E-11   2.6991908726486146E-05   3.5594364165761277E-01   9.1472683000272306E-03   2.2528258739010207E-04 
      1     249   2087      ANK   1.00E+05  1.00  0.042   1.1307749248773378E-06   3.4962711567830593E-11   2.5307685865791980E-05   3.5594364227794772E-01   9.1472678538107935E-03   2.1150751157967954E-04 
#--------------------------------------------------------------------------------------------------------------------------------------------------------------------------------------------------------------
#  Grid  | Iter | Iter |  Iter  |   CFL   | Step | Lin  |        Res rho         |       Res kturb        |       Res wturb        |         C_lift         |        C_drag          |        totalRes        |
#  level |      | Tot  |  Type  |         |      | Res  |                        |                        |                        |                        |                        |                        |
#--------------------------------------------------------------------------------------------------------------------------------------------------------------------------------------------------------------
      1     250   2095      ANK   1.00E+05  1.00  0.049   1.0617383012984420E-06   3.4170113482707157E-11   2.3894321227245137E-05   3.5594364183456456E-01   9.1472683939161289E-03   1.9861358098045013E-04 
      1     251   2103      ANK   1.00E+05  1.00  0.042   9.9438204822412498E-07   3.1874635500038088E-11   2.2293973000086312E-05   3.5594364204774176E-01   9.1472678738945493E-03   1.8584019195600567E-04 
      1     252   2111      ANK   1.00E+05  1.00  0.050   9.3434312774441655E-07   3.1404262912491757E-11   2.1014537300607959E-05   3.5594364189718303E-01   9.1472683422767972E-03   1.7510932468152611E-04 
      1     253   2119      ANK   1.00E+05  1.00  0.042   8.7409997896666730E-07   2.9389387313581672E-11   2.0000820681516036E-05   3.5594364186046196E-01   9.1472679594335228E-03   1.6333245872118333E-04 
      1     254   2128     *ANK   1.00E+05  1.00  0.045   8.2131250460794627E-07   2.7249286364344740E-11   1.8764771442417808E-05   3.5594364203807732E-01   9.1472681801372264E-03   1.5420334381306545E-04 
      1     255   2134      ANK   1.00E+05  1.00  0.046   7.6893859246580288E-07   2.7044454964876099E-11   1.7363914520270679E-05   3.5594364191703254E-01   9.1472679700576563E-03   1.4368456533986958E-04 
      1     256   2142      ANK   1.00E+05  1.00  0.048   7.2271305476893059E-07   2.6612478557128523E-11   1.6767486490809355E-05   3.5594364211910362E-01   9.1472681654261017E-03   1.3575208924838925E-04 
      1     257   2149      ANK   1.00E+05  1.00  0.047   6.7644301189822693E-07   2.6653846206937968E-11   1.6165004102426734E-05   3.5594364180110249E-01   9.1472679742921649E-03   1.2645206589447888E-04 
      1     258   2158      ANK   1.00E+05  1.00  0.049   6.3545638007025307E-07   2.4373730393868673E-11   1.4612148318883424E-05   3.5594364204742274E-01   9.1472681501913820E-03   1.1933023898799004E-04 
      1     259   2165      ANK   1.00E+05  1.00  0.044   5.9542116536482065E-07   2.3786324623575963E-11   1.4240961839135495E-05   3.5594364187909883E-01   9.1472680924024382E-03   1.1125844554232623E-04 
      1     260   2172      ANK   1.00E+05  1.00  0.048   5.5897570927893530E-07   2.2576515694204359E-11   1.4150621849937969E-05   3.5594364209647639E-01   9.1472681578410354E-03   1.0492995575979333E-04 
      1     261   2180      ANK   1.00E+05  1.00  0.049   5.2369954223604330E-07   2.2309084758486458E-11   1.4173255254810240E-05   3.5594364190908973E-01   9.1472680800144951E-03   9.7876871722081695E-05 
      1     262   2189      ANK   1.00E+05  1.00  0.044   4.9155993566616030E-07   2.0001051751499174E-11   1.2942604357691546E-05   3.5594364210770452E-01   9.1472681008321483E-03   9.2155169267299939E-05 
      1     263   2196      ANK   1.00E+05  1.00  0.046   4.6040927683756063E-07   1.9197889694330380E-11   1.1787392413876490E-05   3.5594364194090478E-01   9.1472681866173536E-03   8.6007482221840467E-05 
      1     264   2203     *ANK   1.00E+05  1.00  0.049   4.3187221900928842E-07   1.7849864144373636E-11   1.2553075178444973E-05   3.5594364221138752E-01   9.1472681164096112E-03   8.1030034776528515E-05 
      1     265   2212      ANK   1.00E+05  1.00  0.043   4.0504583137026225E-07   1.6699274187521071E-11   1.0650204686283547E-05   3.5594364208334522E-01   9.1472681389629541E-03   7.5769518824100055E-05 
      1     266   2220      ANK   1.00E+05  1.00  0.040   3.7967404161484211E-07   1.5593658230215421E-11   1.1775759931059874E-05   3.5594364219063268E-01   9.1472680697692599E-03   7.1197838945831807E-05 
      1     267   2228      ANK   1.00E+05  1.00  0.048   3.5652555786225747E-07   1.4769901912811715E-11   1.0748414028908171E-05   3.5594364202168494E-01   9.1472682308349450E-03   6.6776628536916889E-05 
      1     268   2236      ANK   1.00E+05  1.00  0.042   3.3374887159524352E-07   1.4005918705353469E-11   9.6237157809200319E-06   3.5594364213739216E-01   9.1472680569031333E-03   6.2554125635060228E-05 
      1     269   2244      ANK   1.00E+05  1.00  0.048   3.1326916154881777E-07   1.3128803717805493E-11   1.0847041751118074E-05   3.5594364211069757E-01   9.1472681990924249E-03   5.8880171176477898E-05 
      1     270   2251      ANK   1.00E+05  1.00  0.048   2.9334298979916584E-07   1.2953274457777307E-11   9.9916298461950575E-06   3.5594364213761970E-01   9.1472680591151018E-03   5.4956888247008004E-05 
      1     271   2260      ANK   1.00E+05  1.00  0.047   2.7538731952486343E-07   1.2072395586111864E-11   1.0978597060932725E-05   3.5594364218161501E-01   9.1472681698251523E-03   5.1832276699147591E-05 
      1     272   2267      ANK   1.00E+05  1.00  0.047   2.5790130663521772E-07   1.1941798094591839E-11   1.0155854407934154E-05   3.5594364216035385E-01   9.1472680841169444E-03   4.8320145202628219E-05 
      1     273   2275      ANK   1.00E+05  1.00  0.044   2.4213884799536713E-07   1.1478398541355691E-11   9.8250544144108874E-06   3.5594364224608110E-01   9.1472681452786867E-03   4.5671259140311786E-05 
      1     274   2284     *ANK   1.00E+05  1.00  0.049   2.2703537658211361E-07   1.0939489073716409E-11   9.2414566446372816E-06   3.5594364217183083E-01   9.1472681375704048E-03   4.2551027334210632E-05 
      1     275   2290      ANK   1.00E+05  1.00  0.050   2.1295749739619111E-07   1.0635592799614507E-11   9.9653094354733522E-06   3.5594364223555863E-01   9.1472681586140109E-03   4.0065119418520127E-05 
      1     276   2297      ANK   1.00E+05  1.00  0.048   1.9952720693497809E-07   1.0641367621289696E-11   9.8558093985162820E-06   3.5594364220439723E-01   9.1472681110319511E-03   3.7480787208795309E-05 
      1     277   2304      ANK   1.00E+05  1.00  0.045   1.8702988604791696E-07   1.0173469262644716E-11   9.1613980804393694E-06   3.5594364222251268E-01   9.1472682031137308E-03   3.5240569727561814E-05 
      1     278   2313      ANK   1.00E+05  1.00  0.045   1.7537831928520464E-07   9.6607675180621535E-12   9.2974792900570421E-06   3.5594364224641478E-01   9.1472681147209203E-03   3.2909879275164593E-05 
      1     279   2321      ANK   1.00E+05  1.00  0.043   1.6441633862158943E-07   8.8922695842977704E-12   8.5006301264927188E-06   3.5594364231044606E-01   9.1472681294624009E-03   3.1022986912854928E-05 
      1     280   2329      ANK   1.00E+05  1.00  0.049   1.5410814213472941E-07   8.6413966818283562E-12   9.0144974987728115E-06   3.5594364223724428E-01   9.1472681327900429E-03   2.8941121622043968E-05 
      1     281   2338      ANK   1.00E+05  1.00  0.043   1.4445589483775213E-07   7.9063891547573594E-12   9.3986346869258357E-06   3.5594364229467723E-01   9.1472681263226208E-03   2.7241441539278432E-05 
      1     282   2344      ANK   1.00E+05  1.00  0.048   1.3545148128268770E-07   7.5605069822441363E-12   9.3177032285589393E-06   3.5594364228033704E-01   9.1472681400706149E-03   2.5508775953857314E-05 
      1     283   2351      ANK   1.00E+05  1.00  0.043   1.2699628719449511E-07   7.2172917266344524E-12   8.3616507714832782E-06   3.5594364232822606E-01   9.1472681190773522E-03   2.3910900223274102E-05 
      1     284   2358     *ANK   1.00E+05  1.00  0.047   1.1915245422246345E-07   6.9716156063922894E-12   9.1570013432993161E-06   3.5594364228523018E-01   9.1472681516358897E-03   2.2437566765591706E-05 
      1     285   2366      ANK   1.00E+05  1.00  0.045   1.1161422231591602E-07   6.5532950939237646E-12   8.9922373475550515E-06   3.5594364234573406E-01   9.1472681161898824E-03   2.1039059621949457E-05 
      1     286   2374      ANK   1.00E+05  1.00  0.050   1.0477338759251834E-07   6.1897146891241019E-12   9.7212479802324760E-06   3.5594364229624104E-01   9.1472681669744829E-03   1.9747994305461289E-05 
      1     287   2382      ANK   1.00E+05  1.00  0.045   9.8139072913007615E-08   5.8525893609632352E-12   1.0346315529462671E-05   3.5594364234525866E-01   9.1472681146799913E-03   1.8493712058963402E-05 
      1     288   2390      ANK   1.00E+05  1.00  0.044   9.2030929308030618E-08   5.4609293595749184E-12   9.0145342609115532E-06   3.5594364234148690E-01   9.1472681547513299E-03   1.7396940703680348E-05 
      1     289   2397      ANK   1.00E+05  1.00  0.046   8.6156274467508250E-08   5.3666578666284286E-12   8.4583476681910175E-06   3.5594364234782278E-01   9.1472681134720964E-03   1.6276095756453261E-05 
      1     290   2407      ANK   1.00E+05  1.00  0.042   8.0864263468187036E-08   4.8442373522581163E-12   1.0311267214828472E-05   3.5594364237827497E-01   9.1472681348824109E-03   1.5331510093519432E-05 
      1     291   2414      ANK   1.00E+05  1.00  0.049   7.5817002481540312E-08   4.6564510820847428E-12   1.0111851374714043E-05   3.5594364235141013E-01   9.1472681408551072E-03   1.4301713740330046E-05 
      1     292   2422      ANK   1.00E+05  1.00  0.048   7.1117612048283364E-08   4.2866779927385858E-12   8.1460856235313157E-06   3.5594364240505350E-01   9.1472681296684687E-03   1.3468943889552322E-05 
      1     293   2431      ANK   1.00E+05  1.00  0.049   6.6719754888983920E-08   4.0506545748693795E-12   8.0931408840108176E-06   3.5594364238535764E-01   9.1472681482439207E-03   1.2596921022329507E-05 
      1     294   2437     *ANK   1.00E+05  1.00  0.050   6.2491776562877199E-08   3.8966317904404319E-12   8.3104273916989750E-06   3.5594364240827409E-01   9.1472681268751077E-03   1.1809159988770367E-05 
      1     295   2445      ANK   1.00E+05  1.00  0.044   5.8570818938997561E-08   3.7895383273563717E-12   8.0816988826128631E-06   3.5594364240111004E-01   9.1472681533285843E-03   1.1077763373741497E-05 
      1     296   2453      ANK   1.00E+05  1.00  0.044   5.4900992923951507E-08   3.6725647902714361E-12   8.7620606803589938E-06   3.5594364241877113E-01   9.1472681243059840E-03   1.0386286620907408E-05 
      1     297   2461      ANK   1.00E+05  1.00  0.048   5.1477450981356805E-08   3.4228381716393628E-12   8.0226230591498316E-06   3.5594364242382093E-01   9.1472681467358007E-03   9.7743141562922618E-06 
      1     298   2468      ANK   1.00E+05  1.00  0.048   4.8250546067757064E-08   3.3639812857745468E-12   9.0243113334793441E-06   3.5594364242385768E-01   9.1472681265503397E-03   9.1289787487799087E-06 
      1     299   2477      ANK   1.00E+05  1.00  0.049   4.5275664302091925E-08   3.0225585067038477E-12   8.0250773382212647E-06   3.5594364244103721E-01   9.1472681402706389E-03   8.6004633139103701E-06 
#--------------------------------------------------------------------------------------------------------------------------------------------------------------------------------------------------------------
#  Grid  | Iter | Iter |  Iter  |   CFL   | Step | Lin  |        Res rho         |       Res kturb        |       Res wturb        |         C_lift         |        C_drag          |        totalRes        |
#  level |      | Tot  |  Type  |         |      | Res  |                        |                        |                        |                        |                        |                        |
#--------------------------------------------------------------------------------------------------------------------------------------------------------------------------------------------------------------
      1     300   2483      ANK   1.00E+05  1.00  0.048   4.2466739600604889E-08   2.8970698150929590E-12   8.8881844631367568E-06   3.5594364244068988E-01   9.1472681302337822E-03   8.0357168303851826E-06 
      1     301   2491      ANK   1.00E+05  1.00  0.040   3.9787537496116296E-08   2.7790180049392159E-12   8.7760650870434348E-06   3.5594364246021176E-01   9.1472681379851060E-03   7.5629132793810679E-06 
      1     302   2498      ANK   1.00E+05  1.00  0.050   3.7330703160563215E-08   2.6662331943481861E-12   7.8341751728564007E-06   3.5594364244556875E-01   9.1472681315788520E-03   7.0683863673721483E-06 
      1     303   2507      ANK   1.00E+05  1.00  0.046   3.4988107189324946E-08   2.4264119942671544E-12   7.6707743141515961E-06   3.5594364246519700E-01   9.1472681364981150E-03   6.6475887934817652E-06 
      1     304   2514     *ANK   1.00E+05  1.00  0.049   3.2824067291232110E-08   2.3200074673608890E-12   8.5883723913964107E-06   3.5594364245470811E-01   9.1472681384474133E-03   6.2149487238167704E-06 
      1     305   2521      ANK   1.00E+05  1.00  0.049   3.0781830389310698E-08   2.1787989057870207E-12   6.8757715093656592E-06   3.5594364247496640E-01   9.1472681403212460E-03   5.8487872485634448E-06 
      1     306   2530      ANK   1.00E+05  1.00  0.046   2.8878058078803734E-08   2.0936667003231187E-12   8.4174579199020967E-06   3.5594364246949844E-01   9.1472681355660845E-03   5.4747341654754367E-06 
      1     307   2538      ANK   1.00E+05  1.00  0.045   2.7062625400848785E-08   1.9658622408147922E-12   8.7743450899788698E-06   3.5594364248379756E-01   9.1472681365487429E-03   5.1501110263428654E-06 
      1     308   2547      ANK   1.00E+05  1.00  0.048   2.5389099178735259E-08   1.8558384696768260E-12   7.6929421877487004E-06   3.5594364247788141E-01   9.1472681429841298E-03   4.8194221920251196E-06 
      1     309   2554      ANK   1.00E+05  1.00  0.040   2.3766987832097218E-08   1.8032908069473376E-12   7.6707207487689200E-06   3.5594364248953952E-01   9.1472681355012787E-03   4.5191581343103637E-06 
      1     310   2562      ANK   1.00E+05  1.00  0.047   2.2307319440415927E-08   1.6650708079861592E-12   8.3300599458647799E-06   3.5594364249037763E-01   9.1472681432741895E-03   4.2471753047466747E-06 
      1     311   2569      ANK   1.00E+05  1.00  0.049   2.0915913818722021E-08   1.5763600025893043E-12   8.5619158808147078E-06   3.5594364249884342E-01   9.1472681336311236E-03   3.9807533866274364E-06 
      1     312   2577      ANK   1.00E+05  1.00  0.046   1.9623384004673229E-08   1.4587785475423843E-12   7.7216187912685670E-06   3.5594364250096677E-01   9.1472681430985504E-03   3.7430231708188017E-06 
      1     313   2584      ANK   1.00E+05  1.00  0.048   1.8389789017039299E-08   1.3997499922129384E-12   7.5909718875657808E-06   3.5594364250581167E-01   9.1472681320606403E-03   3.5035199923564070E-06 
      1     314   2592     *ANK   1.00E+05  1.00  0.047   1.7235901610642620E-08   1.2726777518665643E-12   8.4229659151614045E-06   3.5594364251097477E-01   9.1472681403759765E-03   3.2917902507643202E-06 
      1     315   2600      ANK   1.00E+05  1.00  0.050   1.6187895589511269E-08   1.1971501159820439E-12   8.4920833010391412E-06   3.5594364250772786E-01   9.1472681361843434E-03   3.0786716739126186E-06 
      1     316   2608      ANK   1.00E+05  1.00  0.049   1.5182420991159413E-08   1.0875892409013588E-12   1.0262940809572907E-05   3.5594364251643690E-01   9.1472681395537731E-03   2.8999307601588646E-06 
      1     317   2617      ANK   1.00E+05  1.00  0.050   1.4243942460652626E-08   1.0171917800572660E-12   9.4876416312330276E-06   3.5594364251437755E-01   9.1472681384697496E-03   2.7084684772298677E-06 
      1     318   2625      ANK   1.00E+05  1.00  0.041   1.3340099905840393E-08   9.7076971944441747E-13   7.5810145611522581E-06   3.5594364252201210E-01   9.1472681383228931E-03   2.5451254594869030E-06 
      1     319   2632      ANK   1.00E+05  1.00  0.049   1.2511632084124262E-08   9.3694971706446360E-13   7.5564982525140224E-06   3.5594364251855398E-01   9.1472681398049472E-03   2.3831348943235279E-06 
      1     320   2640      ANK   1.00E+05  1.00  0.048   1.1736086570242448E-08   8.5757091787860226E-13   8.3347356842625974E-06   3.5594364252761895E-01   9.1472681377732304E-03   2.2385614783233195E-06 
      1     321   2649      ANK   1.00E+05  1.00  0.049   1.1010342077325506E-08   8.1911597766837575E-13   8.2973782775922050E-06   3.5594364252563537E-01   9.1472681415456277E-03   2.0975271301525631E-06 
      1     322   2656      ANK   1.00E+05  1.00  0.046   1.0318988493245714E-08   8.0162928200275746E-13   8.1411653943879340E-06   3.5594364253102151E-01   9.1472681370844237E-03   1.9669947904565608E-06 
      1     323   2664      ANK   1.00E+05  1.00  0.047   9.6624820809453525E-09   7.5123077401103819E-13   7.4654816208428416E-06   3.5594364253144006E-01   9.1472681417103102E-03   1.8464000296947496E-06 
#
# Writing grid file(s):
#    output/n0012_base_1_SST_vol.cgns
# Grid file(s) written
#
#
# Writing volume solution file(s):
#    output/n0012_base_1_SST_vol.cgns
# Volume solution file(s) written
#
#
# Writing surface solution file(s):
#    output/n0012_base_1_SST_surf.cgns
# Surface solution file(s) written
#
+-------------------------------------------------+
|
| Solution Timings:
|
| Set AeroProblem Time          :      0.005 sec
| Solution Time                 :    312.507 sec
| Write Solution Time           :      0.086 sec
| Stability Parameter Time      :      0.000 sec
|
| Total Call Time               :    312.598 sec
+--------------------------------------------------+
-> Alpha... 3.000000 
+---------------------------------------------------+
|
| Function Timings:
|
| Function AeroProblem Time     :      0.003 sec
| Function Evaluation Time      :      0.000 sec
| User Function Evaluation Time :      0.000 sec
|
| Total Function Evaluation Time:      0.003 sec
+--------------------------------------------------+
